<?xml version="1.0" encoding="UTF-8"?>
<!-- Generated by org.testng.reporters.JUnitXMLReporter -->
<testsuite hostname="DESKTOP-IDIDDT2" ignored="0" name="Validating Title" tests="1" failures="0" timestamp="2021-07-02T21:57:00 IST" time="0.054" errors="0">
  <testcase name="@BeforeTest initialization" time="0.001" classname="Academy.E2EProject.ValidateTitle">
    <failure type="java.lang.NullPointerException">
      <![CDATA[java.lang.NullPointerException
at resources.base.initializeDriver(base.java:34)
at Academy.E2EProject.ValidateTitle.initialization(ValidateTitle.java:26)
... Removed 24 stack frames]]>
    </failure>
  </testcase> <!-- @BeforeTest initialization -->
  <testcase name="@AfterTest teardown" time="-1.62524322092E9" classname="Academy.E2EProject.ValidateTitle">
    <skipped/>
  </testcase> <!-- @AfterTest teardown -->
  <testcase name="ValidateTitle" time="0.0" classname="Academy.E2EProject.ValidateTitle">
    <skipped/>
  </testcase> <!-- ValidateTitle -->
</testsuite> <!-- Validating Title -->
