<?xml version="1.0" encoding="UTF-8"?>
<!-- Generated by org.testng.reporters.JUnitXMLReporter -->
<testsuite hostname="DESKTOP-IDIDDT2" ignored="0" name="Validating Navigation" tests="1" failures="0" timestamp="2021-07-02T21:57:00 IST" time="0.06" errors="0">
  <testcase name="@BeforeTest initialization" time="0.002" classname="Academy.E2EProject.ValidateNavBar">
    <failure type="java.lang.NullPointerException">
      <![CDATA[java.lang.NullPointerException
at resources.base.initializeDriver(base.java:34)
at Academy.E2EProject.ValidateNavBar.initialization(ValidateNavBar.java:27)
... Removed 24 stack frames]]>
    </failure>
  </testcase> <!-- @BeforeTest initialization -->
  <testcase name="@AfterTest teardown" time="-1.625243220716E9" classname="Academy.E2EProject.ValidateNavBar">
    <skipped/>
  </testcase> <!-- @AfterTest teardown -->
  <testcase name="ValidateNavBar" time="0.0" classname="Academy.E2EProject.ValidateNavBar">
    <skipped/>
  </testcase> <!-- ValidateNavBar -->
</testsuite> <!-- Validating Navigation -->
