<?xml version="1.0" encoding="UTF-8"?>
<!-- Generated by org.testng.reporters.JUnitXMLReporter -->
<testsuite hostname="DESKTOP-IDIDDT2" ignored="0" name="Test" tests="4" failures="0" timestamp="2021-06-27T00:54:58 IST" time="64.089" errors="0">
  <testcase name="basePageNavigation" time="20.356" classname="Academy.E2EProject.HomePage"/>
  <testcase name="basePageNavigation" time="6.768" classname="Academy.E2EProject.HomePage"/>
  <testcase name="basePageNavigation" time="0.406" classname="Academy.E2EProject.ValidateNavBar"/>
  <testcase name="basePageNavigation" time="0.149" classname="Academy.E2EProject.ValidateTitle"/>
</testsuite> <!-- Test -->
