<?xml version="1.0" encoding="UTF-8"?>
<!-- Generated by org.testng.reporters.JUnitXMLReporter -->
<testsuite hostname="DESKTOP-IDIDDT2" ignored="0" name="Validating Title" tests="2" failures="2" timestamp="2021-07-15T23:11:39 IST" time="9.669" errors="0">
  <testcase name="ValidateHeader" time="0.0" classname="Academy.E2EProject.ValidateTitle">
    <failure type="java.lang.NullPointerException">
      <![CDATA[java.lang.NullPointerException
at pageObjects.LandingPage.bannerText(LandingPage.java:37)
at Academy.E2EProject.ValidateTitle.ValidateHeader(ValidateTitle.java:46)
at java.util.ArrayList.forEach(ArrayList.java:1257)
... Removed 31 stack frames]]>
    </failure>
  </testcase> <!-- ValidateHeader -->
  <testcase name="ValidateTitle" time="0.001" classname="Academy.E2EProject.ValidateTitle">
    <failure type="java.lang.NullPointerException">
      <![CDATA[java.lang.NullPointerException
at pageObjects.LandingPage.getTitle(LandingPage.java:29)
at Academy.E2EProject.ValidateTitle.ValidateTitle(ValidateTitle.java:37)
at java.util.ArrayList.forEach(ArrayList.java:1257)
... Removed 31 stack frames]]>
    </failure>
  </testcase> <!-- ValidateTitle -->
</testsuite> <!-- Validating Title -->
