<?xml version="1.0" encoding="UTF-8"?>
<testng-results skipped="0" failed="0" ignored="0" total="0" passed="0">
  <reporter-output>
  </reporter-output>
  <suite name="Suite" duration-ms="471" started-at="2021-07-21T19:37:35 IST" finished-at="2021-07-21T19:37:36 IST">
    <groups>
      <group name="cucumber">
        <method signature="AbstractTestNGCucumberTests.runScenario(io.cucumber.testng.PickleWrapper,io.cucumber.testng.FeatureWrapper)[pri:0, instance:CucumberOptions.TestRunner@3c407114]" name="runScenario" class="io.cucumber.testng.AbstractTestNGCucumberTests"/>
      </group> <!-- cucumber -->
    </groups>
    <test name="Validating user login" duration-ms="471" started-at="2021-07-21T19:37:35 IST" finished-at="2021-07-21T19:37:36 IST">
      <class name="CucumberOptions.TestRunner">
        <test-method status="PASS" signature="setUpClass()[pri:0, instance:CucumberOptions.TestRunner@3c407114]" name="setUpClass" is-config="true" duration-ms="398" started-at="2021-07-21T19:37:35 IST" finished-at="2021-07-21T19:37:36 IST">
          <reporter-output>
          </reporter-output>
        </test-method> <!-- setUpClass -->
        <test-method status="PASS" signature="tearDownClass()[pri:0, instance:CucumberOptions.TestRunner@3c407114]" name="tearDownClass" is-config="true" duration-ms="23" started-at="2021-07-21T19:37:36 IST" finished-at="2021-07-21T19:37:36 IST">
          <reporter-output>
          </reporter-output>
        </test-method> <!-- tearDownClass -->
      </class> <!-- CucumberOptions.TestRunner -->
    </test> <!-- Validating user login -->
  </suite> <!-- Suite -->
</testng-results>
